android/build/intermediates/manifest_merge_blame_file/debug/manifest-merger-blame-debug-report.txt
1<?xml version="1.0" encoding="utf-8"?>
2<manifest xmlns:android="http://schemas.android.com/apk/res/android"
3    package="com.manikshakya.flappybirdtest"
4    android:versionCode="1"
5    android:versionName="1.0" >
6
7    <uses-sdk
8        android:minSdkVersion="14"
8-->FlappyBirdTest/android/AndroidManifest.xml
9        android:targetSdkVersion="30" />
9-->FlappyBirdTest/android/AndroidManifest.xml
10
11    <uses-permission android:name="android.permission.WRITE_EXTERNAL_STORAGE" />
11-->FlappyBirdTest/android/AndroidManifest.xml:5:5-81
11-->FlappyBirdTest/android/AndroidManifest.xml:5:22-78
12
13    <application
13-->FlappyBirdTest/android/AndroidManifest.xml:7:5-35:19
14        android:allowBackup="true"
14-->FlappyBirdTest/android/AndroidManifest.xml:8:9-35
15        android:appCategory="game"
15-->FlappyBirdTest/android/AndroidManifest.xml:9:9-35
16        android:appComponentFactory="android.support.v4.app.CoreComponentFactory"
16-->[com.android.support:support-compat:28.0.0] AndroidManifest.xml:22:18-91
17        android:debuggable="true"
18        android:icon="@drawable/ic_launcher"
18-->FlappyBirdTest/android/AndroidManifest.xml:10:9-45
19        android:isGame="true"
19-->FlappyBirdTest/android/AndroidManifest.xml:11:9-30
20        android:label="@string/app_name"
20-->FlappyBirdTest/android/AndroidManifest.xml:12:9-41
21        android:testOnly="true"
22        android:theme="@style/GdxTheme" >
22-->FlappyBirdTest/android/AndroidManifest.xml:13:9-40
23        <activity android:name="com.manikshakya.flappybirdtest.GameOver" />
23-->FlappyBirdTest/android/AndroidManifest.xml:14:9-55
23-->FlappyBirdTest/android/AndroidManifest.xml:14:19-43
24        <activity android:name="com.manikshakya.flappybirdtest.MainActivity" >
24-->FlappyBirdTest/android/AndroidManifest.xml:15:9-21:20
24-->FlappyBirdTest/android/AndroidManifest.xml:15:19-47
25            <intent-filter>
25-->FlappyBirdTest/android/AndroidManifest.xml:16:13-20:29
26                <action android:name="android.intent.action.MAIN" />
26-->FlappyBirdTest/android/AndroidManifest.xml:17:17-69
26-->FlappyBirdTest/android/AndroidManifest.xml:17:25-66
27
28                <category android:name="android.intent.category.LAUNCHER" />
28-->FlappyBirdTest/android/AndroidManifest.xml:19:17-77
28-->FlappyBirdTest/android/AndroidManifest.xml:19:27-74
29            </intent-filter>
30        </activity>
31        <activity
31-->FlappyBirdTest/android/AndroidManifest.xml:22:9-34:20
32            android:name="com.manikshakya.flappybirdtest.AndroidLauncher"
32-->FlappyBirdTest/android/AndroidManifest.xml:23:13-44
33            android:configChanges="keyboard|keyboardHidden|navigation|orientation|screenSize|screenLayout"
33-->FlappyBirdTest/android/AndroidManifest.xml:24:13-107
34            android:label="@string/app_name"
34-->FlappyBirdTest/android/AndroidManifest.xml:25:13-45
35            android:screenOrientation="portrait" >
35-->FlappyBirdTest/android/AndroidManifest.xml:26:13-49
36
37            <!-- <intent-filter> -->
38            <!-- <action android:name="android.intent.action.MAIN" /> -->
39
40
41            <!-- <category android:name="android.intent.category.LAUNCHER" /> -->
42            <!-- </intent-filter> -->
43        </activity>
44    </application>
45
46</manifest>